openvpn/build/intermediates/manifest_merge_blame_file/skeletonDebug/manifest-merger-blame-skeleton-debug-report.txt
1<?xml version="1.0" encoding="utf-8"?>
2<!--
3  ~ Copyright (c) 2012-2019 Arne Schwabe
4  ~ Distributed under the GNU GPL v2 with additional terms. For full terms see the file doc/LICENSE.txt
5-->
6<manifest xmlns:android="http://schemas.android.com/apk/res/android"
7    xmlns:tools="http://schemas.android.com/tools"
8    package="de.blinkt.openvpn" >
9
10    <uses-sdk android:minSdkVersion="21" />
11
12    <uses-permission android:name="android.permission.INTERNET" />
12-->src\main\AndroidManifest.xml:5:5-67
12-->src\main\AndroidManifest.xml:5:22-64
13    <uses-permission android:name="android.permission.ACCESS_NETWORK_STATE" />
13-->src\main\AndroidManifest.xml:6:5-79
13-->src\main\AndroidManifest.xml:6:22-76
14    <uses-permission android:name="android.permission.RECEIVE_BOOT_COMPLETED" />
14-->src\main\AndroidManifest.xml:7:5-81
14-->src\main\AndroidManifest.xml:7:22-78
15    <uses-permission android:name="android.permission.READ_EXTERNAL_STORAGE" />
15-->src\main\AndroidManifest.xml:8:5-80
15-->src\main\AndroidManifest.xml:8:22-77
16    <uses-permission android:name="android.permission.FOREGROUND_SERVICE" />
16-->src\main\AndroidManifest.xml:9:5-77
16-->src\main\AndroidManifest.xml:9:22-74
17    <uses-permission android:name="android.permission.POST_NOTIFICATIONS" />
17-->src\main\AndroidManifest.xml:10:5-77
17-->src\main\AndroidManifest.xml:10:22-74
18    <!--
19 Used to show all apps in the allowed Apps selection,
20         this app needs the list the app in the allow/deny apps over the VPN
21    -->
22    <uses-permission
22-->src\main\AndroidManifest.xml:14:5-15:57
23        android:name="android.permission.QUERY_ALL_PACKAGES"
23-->src\main\AndroidManifest.xml:14:22-74
24        tools:ignore="QueryAllPackagesPermission" />
24-->src\main\AndroidManifest.xml:15:13-54
25
26    <application
26-->src\main\AndroidManifest.xml:27:5-138:19
27        android:name="de.blinkt.openvpn.core.ICSOpenVPNApplication"
27-->src\main\AndroidManifest.xml:28:9-51
28        android:allowBackup="true"
28-->src\main\AndroidManifest.xml:29:9-35
29        android:appCategory="productivity"
29-->src\main\AndroidManifest.xml:30:9-43
30        android:extractNativeLibs="true"
30-->src\main\AndroidManifest.xml:31:9-41
31        android:icon="@mipmap/ic_launcher"
31-->src\main\AndroidManifest.xml:32:9-43
32        android:label="@string/app"
32-->src\main\AndroidManifest.xml:34:9-36
33        android:roundIcon="@mipmap/ic_launcher_round"
33-->src\main\AndroidManifest.xml:33:9-54
34        android:supportsRtl="true"
34-->src\main\AndroidManifest.xml:35:9-35
35        android:theme="@style/blinkt"
35-->src\main\AndroidManifest.xml:36:9-38
36        tools:ignore="AllowBackup,GoogleAppIndexingWarning,UnusedAttribute" >
36-->src\main\AndroidManifest.xml:37:9-39
37        <activity
37-->src\skeleton\AndroidManifest.xml:10:9-13:47
38            android:name="de.blinkt.openvpn.activities.NotImplemented"
38-->src\skeleton\AndroidManifest.xml:12:13-54
39            android:exported="true"
39-->src\skeleton\AndroidManifest.xml:11:17-40
40            tools:ignore="ExportedActivity" />
40-->src\skeleton\AndroidManifest.xml:13:13-44
41
42        <activity-alias
42-->src\skeleton\AndroidManifest.xml:21:9-25:19
43            android:name="de.blinkt.openvpn.activities.Req"
43-->src\skeleton\AndroidManifest.xml:23:17-47
44            android:exported="true"
44-->src\skeleton\AndroidManifest.xml:22:17-40
45            android:targetActivity="de.blinkt.openvpn.activities.NotImplemented" />
45-->src\skeleton\AndroidManifest.xml:24:17-68
46        <activity-alias
46-->src\skeleton\AndroidManifest.xml:15:9-19:15
47            android:name="de.blinkt.openvpn.activities.LogWindow"
47-->src\skeleton\AndroidManifest.xml:17:17-53
48            android:exported="true"
48-->src\skeleton\AndroidManifest.xml:16:17-40
49            android:targetActivity="de.blinkt.openvpn.activities.NotImplemented" />
49-->src\skeleton\AndroidManifest.xml:18:17-68
50
51        <meta-data
51-->src\main\AndroidManifest.xml:38:9-40:56
52            android:name="android.content.APP_RESTRICTIONS"
52-->src\main\AndroidManifest.xml:39:13-60
53            android:resource="@xml/app_restrictions" />
53-->src\main\AndroidManifest.xml:40:13-53
54
55        <activity
55-->src\main\AndroidManifest.xml:42:9-48:52
56            android:name="de.blinkt.openvpn.activities.DisconnectVPN"
56-->src\main\AndroidManifest.xml:43:13-53
57            android:autoRemoveFromRecents="true"
57-->src\main\AndroidManifest.xml:44:13-49
58            android:excludeFromRecents="true"
58-->src\main\AndroidManifest.xml:45:13-46
59            android:noHistory="true"
59-->src\main\AndroidManifest.xml:46:13-37
60            android:taskAffinity=".DisconnectVPN"
60-->src\main\AndroidManifest.xml:47:13-50
61            android:theme="@style/blinkt.dialog" />
61-->src\main\AndroidManifest.xml:48:13-49
62
63        <service
63-->src\main\AndroidManifest.xml:51:9-60:19
64            android:name="de.blinkt.openvpn.core.OpenVPNService"
64-->src\main\AndroidManifest.xml:52:13-48
65            android:exported="true"
65-->src\main\AndroidManifest.xml:53:13-36
66            android:foregroundServiceType="connectedDevice"
66-->src\main\AndroidManifest.xml:55:13-60
67            android:permission="android.permission.BIND_VPN_SERVICE"
67-->src\main\AndroidManifest.xml:54:13-69
68            android:process=":openvpn" >
68-->src\main\AndroidManifest.xml:56:13-39
69            <intent-filter>
69-->src\main\AndroidManifest.xml:57:13-59:29
70                <action android:name="android.net.VpnService" />
70-->src\main\AndroidManifest.xml:58:17-65
70-->src\main\AndroidManifest.xml:58:25-62
71            </intent-filter>
72        </service>
73        <service
73-->src\main\AndroidManifest.xml:61:9-69:19
74            android:name="de.blinkt.openvpn.api.ExternalOpenVPNService"
74-->src\main\AndroidManifest.xml:62:13-55
75            android:exported="true"
75-->src\main\AndroidManifest.xml:64:13-36
76            android:process=":openvpn"
76-->src\main\AndroidManifest.xml:63:13-39
77            tools:ignore="ExportedService" >
77-->src\main\AndroidManifest.xml:65:17-47
78            <intent-filter>
78-->src\main\AndroidManifest.xml:66:13-68:29
79                <action android:name="de.blinkt.openvpn.api.IOpenVPNAPIService" />
79-->src\main\AndroidManifest.xml:67:17-83
79-->src\main\AndroidManifest.xml:67:25-80
80            </intent-filter>
81        </service>
82        <service
82-->src\main\AndroidManifest.xml:70:9-73:42
83            android:name="de.blinkt.openvpn.core.OpenVPNStatusService"
83-->src\main\AndroidManifest.xml:71:13-54
84            android:exported="false"
84-->src\main\AndroidManifest.xml:72:13-37
85            android:process=":openvpn" />
85-->src\main\AndroidManifest.xml:73:13-39
86
87        <activity
87-->src\main\AndroidManifest.xml:75:9-80:20
88            android:name="de.blinkt.openvpn.api.GrantPermissionsActivity"
88-->src\main\AndroidManifest.xml:75:19-63
89            android:exported="true" >
89-->src\main\AndroidManifest.xml:76:17-40
90            <intent-filter>
90-->src\main\AndroidManifest.xml:77:13-79:29
91                <action android:name="android.intent.action.MAIN" />
91-->src\main\AndroidManifest.xml:78:17-69
91-->src\main\AndroidManifest.xml:78:25-66
92            </intent-filter>
93        </activity>
94        <activity
94-->src\main\AndroidManifest.xml:81:9-86:20
95            android:name="de.blinkt.openvpn.api.ConfirmDialog"
95-->src\main\AndroidManifest.xml:81:19-52
96            android:exported="true" >
96-->src\main\AndroidManifest.xml:82:17-40
97            <intent-filter>
97-->src\main\AndroidManifest.xml:77:13-79:29
98                <action android:name="android.intent.action.MAIN" />
98-->src\main\AndroidManifest.xml:78:17-69
98-->src\main\AndroidManifest.xml:78:25-66
99            </intent-filter>
100        </activity>
101
102        <receiver
102-->src\main\AndroidManifest.xml:88:9-94:20
103            android:name="de.blinkt.openvpn.OnBootReceiver"
103-->src\main\AndroidManifest.xml:88:19-49
104            android:exported="true" >
104-->src\main\AndroidManifest.xml:89:17-40
105            <intent-filter android:priority="999" >
105-->src\main\AndroidManifest.xml:90:13-93:29
105-->src\main\AndroidManifest.xml:90:28-50
106                <action android:name="android.intent.action.BOOT_COMPLETED" />
106-->src\main\AndroidManifest.xml:91:17-79
106-->src\main\AndroidManifest.xml:91:25-76
107                <action android:name="android.intent.action.MY_PACKAGE_REPLACED" />
107-->src\main\AndroidManifest.xml:92:17-84
107-->src\main\AndroidManifest.xml:92:25-81
108            </intent-filter>
109        </receiver>
110
111        <activity
111-->src\main\AndroidManifest.xml:97:9-111:20
112            android:name="de.blinkt.openvpn.LaunchVPN"
112-->src\main\AndroidManifest.xml:98:13-38
113            android:autoRemoveFromRecents="true"
113-->src\main\AndroidManifest.xml:99:13-49
114            android:excludeFromRecents="true"
114-->src\main\AndroidManifest.xml:100:13-46
115            android:exported="true"
115-->src\main\AndroidManifest.xml:104:13-36
116            android:label="@string/vpn_launch_title"
116-->src\main\AndroidManifest.xml:101:13-53
117            android:taskAffinity=".LaunchVPN"
117-->src\main\AndroidManifest.xml:102:13-46
118            android:theme="@style/blinkt.dialog" >
118-->src\main\AndroidManifest.xml:103:13-49
119            <intent-filter>
119-->src\main\AndroidManifest.xml:106:13-110:29
120                <action android:name="android.intent.action.MAIN" />
120-->src\main\AndroidManifest.xml:78:17-69
120-->src\main\AndroidManifest.xml:78:25-66
121
122                <category android:name="android.intent.category.DEFAULT" />
122-->src\main\AndroidManifest.xml:109:17-76
122-->src\main\AndroidManifest.xml:109:27-73
123            </intent-filter>
124        </activity>
125        <!--
126        <receiver android:name="core.GetRestrictionReceiver">
127            <intent-filter>
128                <action android:name="android.intent.action.GET_RESTRICTION_ENTRIES" />
129            </intent-filter>
130        </receiver>
131        -->
132        <activity android:name="de.blinkt.openvpn.api.RemoteAction" />
132-->src\main\AndroidManifest.xml:119:9-54
132-->src\main\AndroidManifest.xml:119:19-51
133
134        <activity-alias
134-->src\main\AndroidManifest.xml:133:9-136:62
135            android:name="de.blinkt.openvpn.api.ResumeVPN"
135-->src\main\AndroidManifest.xml:134:17-46
136            android:exported="true"
136-->src\main\AndroidManifest.xml:135:17-40
137            android:targetActivity="de.blinkt.openvpn.api.RemoteAction" />
137-->src\main\AndroidManifest.xml:136:17-59
138        <activity-alias
138-->src\main\AndroidManifest.xml:129:9-132:62
139            android:name="de.blinkt.openvpn.api.PauseVPN"
139-->src\main\AndroidManifest.xml:130:17-45
140            android:exported="true"
140-->src\main\AndroidManifest.xml:131:17-40
141            android:targetActivity="de.blinkt.openvpn.api.RemoteAction" />
141-->src\main\AndroidManifest.xml:132:17-59
142        <activity-alias
142-->src\main\AndroidManifest.xml:125:9-128:58
143            android:name="de.blinkt.openvpn.api.DisconnectVPN"
143-->src\main\AndroidManifest.xml:126:13-46
144            android:exported="true"
144-->src\main\AndroidManifest.xml:127:13-36
145            android:targetActivity="de.blinkt.openvpn.api.RemoteAction" />
145-->src\main\AndroidManifest.xml:128:13-55
146        <activity-alias
146-->src\main\AndroidManifest.xml:121:9-124:58
147            android:name="de.blinkt.openvpn.api.ConnectVPN"
147-->src\main\AndroidManifest.xml:122:13-43
148            android:exported="true"
148-->src\main\AndroidManifest.xml:123:13-36
149            android:targetActivity="de.blinkt.openvpn.api.RemoteAction" />
149-->src\main\AndroidManifest.xml:124:13-55
150    </application>
151
152</manifest>